0 info it worked if it ends with ok
1 verbose cli [ '/usr/local/bin/node', '/usr/local/bin/npm', 'run', 'develop' ]
2 info using npm@2.15.12
3 info using node@v6.10.3
4 verbose run-script [ 'predevelop', 'develop', 'postdevelop' ]
5 info predevelop react-playground@1.0.0
6 info develop react-playground@1.0.0
7 verbose unsafe-perm in lifecycle true
8 info react-playground@1.0.0 Failed to exec develop script
9 verbose stack Error: react-playground@1.0.0 develop: `ENV=development webpack-dev-server`
9 verbose stack Exit status 1
9 verbose stack     at EventEmitter.<anonymous> (/usr/local/lib/node_modules/npm/lib/utils/lifecycle.js:217:16)
9 verbose stack     at emitTwo (events.js:106:13)
9 verbose stack     at EventEmitter.emit (events.js:191:7)
9 verbose stack     at ChildProcess.<anonymous> (/usr/local/lib/node_modules/npm/lib/utils/spawn.js:24:14)
9 verbose stack     at emitTwo (events.js:106:13)
9 verbose stack     at ChildProcess.emit (events.js:191:7)
9 verbose stack     at maybeClose (internal/child_process.js:886:16)
9 verbose stack     at Process.ChildProcess._handle.onexit (internal/child_process.js:226:5)
10 verbose pkgid react-playground@1.0.0
11 verbose cwd /home/todd/github/react-playground
12 error Linux 3.13.0-37-generic
13 error argv "/usr/local/bin/node" "/usr/local/bin/npm" "run" "develop"
14 error node v6.10.3
15 error npm  v2.15.12
16 error code ELIFECYCLE
17 error react-playground@1.0.0 develop: `ENV=development webpack-dev-server`
17 error Exit status 1
18 error Failed at the react-playground@1.0.0 develop script 'ENV=development webpack-dev-server'.
18 error This is most likely a problem with the react-playground package,
18 error not with npm itself.
18 error Tell the author that this fails on your system:
18 error     ENV=development webpack-dev-server
18 error You can get information on how to open an issue for this project with:
18 error     npm bugs react-playground
18 error Or if that isn't available, you can get their info via:
18 error
18 error     npm owner ls react-playground
18 error There is likely additional logging output above.
19 verbose exit [ 1, true ]
